-------------------------------------------------------------------------------
Test set: com.Egg.demo.NoticiaApplicationTests
-------------------------------------------------------------------------------
Tests run: 1, Failures: 0, Errors: 1, Skipped: 0, Time elapsed: 0.446 s <<< FAILURE! - in com.Egg.demo.NoticiaApplicationTests
com.Egg.demo.NoticiaApplicationTests  Time elapsed: 0.442 s  <<< ERROR!
java.lang.IllegalStateException: Unable to find a @SpringBootConfiguration, you need to use @ContextConfiguration or @SpringBootTest(classes=...) with your test

